This is pdfTeX, Version 3.141592653-2.6-1.40.29 (MiKTeX 26.2) (preloaded format=pdflatex 2026.3.14)  2 MAY 2026 19:21
entering extended mode
 restricted \write18 enabled.
 %&-line parsing enabled.
**./main.tex
(main.tex
LaTeX2e <2025-11-01>
L3 programming layer <2026-01-19>
(C:\Users\Bakri\AppData\Local\Programs\MiKTeX\tex/latex/base\article.cls
Document Class: article 2025/01/22 v1.4n Standard LaTeX document class
(C:\Users\Bakri\AppData\Local\Programs\MiKTeX\tex/latex/base\size10.clo
File: size10.clo 2025/01/22 v1.4n Standard LaTeX file (size option)
)
\c@part=\count275
\c@section=\count276
\c@subsection=\count277
\c@subsubsection=\count278
\c@paragraph=\count279
\c@subparagraph=\count280
\c@figure=\count281
\c@table=\count282
\abovecaptionskip=\skip49
\belowcaptionskip=\skip50
\bibindent=\dimen148
)
(C:\Users\Bakri\AppData\Local\Programs\MiKTeX\tex/latex/graphics\graphicx.sty
Package: graphicx 2024/12/31 v1.2e Enhanced LaTeX Graphics (DPC,SPQR)

(C:\Users\Bakri\AppData\Local\Programs\MiKTeX\tex/latex/graphics\keyval.sty
Package: keyval 2022/05/29 v1.15 key=value parser (DPC)
\KV@toks@=\toks17
)
(C:\Users\Bakri\AppData\Local\Programs\MiKTeX\tex/latex/graphics\graphics.sty
Package: graphics 2024/08/06 v1.4g Standard LaTeX Graphics (DPC,SPQR)

(C:\Users\Bakri\AppData\Local\Programs\MiKTeX\tex/latex/graphics\trig.sty
Package: trig 2023/12/02 v1.11 sin cos tan (DPC)
)
(C:\Users\Bakri\AppData\Local\Programs\MiKTeX\tex/latex/graphics-cfg\graphics.c
fg
File: graphics.cfg 2016/06/04 v1.11 sample graphics configuration
)
Package graphics Info: Driver file: pdftex.def on input line 106.

(C:\Users\Bakri\AppData\Local\Programs\MiKTeX\tex/latex/graphics-def\pdftex.def
File: pdftex.def 2025/09/29 v1.2d Graphics/color driver for pdftex
))
\Gin@req@height=\dimen149
\Gin@req@width=\dimen150
) (C:\Users\Bakri\AppData\Local\Programs\MiKTeX\tex/latex/amsmath\amsmath.sty
Package: amsmath 2025/07/09 v2.17z AMS math features
\@mathmargin=\skip51
For additional information on amsmath, use the `?' option.
(C:\Users\Bakri\AppData\Local\Programs\MiKTeX\tex/latex/amsmath\amstext.sty
Package: amstext 2024/11/17 v2.01 AMS text

(C:\Users\Bakri\AppData\Local\Programs\MiKTeX\tex/latex/amsmath\amsgen.sty
File: amsgen.sty 1999/11/30 v2.0 generic functions
\@emptytoks=\toks18
\ex@=\dimen151
))
(C:\Users\Bakri\AppData\Local\Programs\MiKTeX\tex/latex/amsmath\amsbsy.sty
Package: amsbsy 1999/11/29 v1.2d Bold Symbols
\pmbraise@=\dimen152
)
(C:\Users\Bakri\AppData\Local\Programs\MiKTeX\tex/latex/amsmath\amsopn.sty
Package: amsopn 2022/04/08 v2.04 operator names
)
\inf@bad=\count283
LaTeX Info: Redefining \frac on input line 233.
\uproot@=\count284
\leftroot@=\count285
LaTeX Info: Redefining \overline on input line 398.
LaTeX Info: Redefining \colon on input line 409.
\classnum@=\count286
\DOTSCASE@=\count287
LaTeX Info: Redefining \ldots on input line 495.
LaTeX Info: Redefining \dots on input line 498.
LaTeX Info: Redefining \cdots on input line 619.
\Mathstrutbox@=\box53
\strutbox@=\box54
LaTeX Info: Redefining \big on input line 721.
LaTeX Info: Redefining \Big on input line 722.
LaTeX Info: Redefining \bigg on input line 723.
LaTeX Info: Redefining \Bigg on input line 724.
\big@size=\dimen153
LaTeX Font Info:    Redeclaring font encoding OML on input line 742.
LaTeX Font Info:    Redeclaring font encoding OMS on input line 743.
\macc@depth=\count288
LaTeX Info: Redefining \bmod on input line 904.
LaTeX Info: Redefining \pmod on input line 909.
LaTeX Info: Redefining \smash on input line 939.
LaTeX Info: Redefining \relbar on input line 969.
LaTeX Info: Redefining \Relbar on input line 970.
\c@MaxMatrixCols=\count289
\dotsspace@=\muskip17
\c@parentequation=\count290
\dspbrk@lvl=\count291
\tag@help=\toks19
\row@=\count292
\column@=\count293
\maxfields@=\count294
\andhelp@=\toks20
\eqnshift@=\dimen154
\alignsep@=\dimen155
\tagshift@=\dimen156
\tagwidth@=\dimen157
\totwidth@=\dimen158
\lineht@=\dimen159
\@envbody=\toks21
\multlinegap=\skip52
\multlinetaggap=\skip53
\mathdisplay@stack=\toks22
LaTeX Info: Redefining \[ on input line 2950.
LaTeX Info: Redefining \] on input line 2951.
)
(C:\Users\Bakri\AppData\Local\Programs\MiKTeX\tex/latex/amsfonts\amssymb.sty
Package: amssymb 2013/01/14 v3.01 AMS font symbols

(C:\Users\Bakri\AppData\Local\Programs\MiKTeX\tex/latex/amsfonts\amsfonts.sty
Package: amsfonts 2013/01/14 v3.01 Basic AMSFonts support
\symAMSa=\mathgroup4
\symAMSb=\mathgroup5
LaTeX Font Info:    Redeclaring math symbol \hbar on input line 98.
LaTeX Font Info:    Overwriting math alphabet `\mathfrak' in version `bold'
(Font)                  U/euf/m/n --> U/euf/b/n on input line 106.
)) (C:\Users\Bakri\AppData\Local\Programs\MiKTeX\tex/latex/titling\titling.sty
Package: titling 2009/09/04 v2.1d maketitle typesetting
\thanksmarkwidth=\skip54
\thanksmargin=\skip55
\droptitle=\skip56
)
(C:\Users\Bakri\AppData\Local\Programs\MiKTeX\tex/latex/fancyhdr\fancyhdr.sty
Package: fancyhdr 2025/02/07 v5.2 Extensive control of page headers and footers

\f@nch@headwidth=\skip57
\f@nch@offset@elh=\skip58
\f@nch@offset@erh=\skip59
\f@nch@offset@olh=\skip60
\f@nch@offset@orh=\skip61
\f@nch@offset@elf=\skip62
\f@nch@offset@erf=\skip63
\f@nch@offset@olf=\skip64
\f@nch@offset@orf=\skip65
\f@nch@height=\skip66
\f@nch@footalignment=\skip67
\f@nch@widthL=\skip68
\f@nch@widthC=\skip69
\f@nch@widthR=\skip70
\@temptokenb=\toks23
)
(C:\Users\Bakri\AppData\Local\Programs\MiKTeX\tex/latex/tools\enumerate.sty
Package: enumerate 2023/07/04 v3.00 enumerate extensions (DPC)
\@enLab=\toks24
)
(C:\Users\Bakri\AppData\Local\Programs\MiKTeX\tex/latex/float\float.sty
Package: float 2001/11/08 v1.3d Float enhancements (AL)
\c@float@type=\count295
\float@exts=\toks25
\float@box=\box55
\@float@everytoks=\toks26
\@floatcapt=\box56
)
(C:\Users\Bakri\AppData\Local\Programs\MiKTeX\tex/latex/caption\subcaption.sty
Package: subcaption 2023/07/28 v1.6b Sub-captions (AR)

(C:\Users\Bakri\AppData\Local\Programs\MiKTeX\tex/latex/caption\caption.sty
Package: caption 2023/08/05 v3.6o Customizing captions (AR)

(C:\Users\Bakri\AppData\Local\Programs\MiKTeX\tex/latex/caption\caption3.sty
Package: caption3 2023/07/31 v2.4d caption3 kernel (AR)
\caption@tempdima=\dimen160
\captionmargin=\dimen161
\caption@leftmargin=\dimen162
\caption@rightmargin=\dimen163
\caption@width=\dimen164
\caption@indent=\dimen165
\caption@parindent=\dimen166
\caption@hangindent=\dimen167
Package caption Info: Standard document class detected.
)
\c@caption@flags=\count296
\c@continuedfloat=\count297
Package caption Info: float package is loaded.
)
Package caption Info: New subtype `subfigure' on input line 238.
\c@subfigure=\count298
Package caption Info: New subtype `subtable' on input line 238.
\c@subtable=\count299
) (C:\Users\Bakri\AppData\Local\Programs\MiKTeX\tex/latex/cite\cite.sty
LaTeX Info: Redefining \cite on input line 302.
LaTeX Info: Redefining \nocite on input line 332.
Package: cite 2015/02/27  v 5.5
)
(C:\Users\Bakri\AppData\Local\Programs\MiKTeX\tex/latex/tocbibind\tocbibind.sty
Package: tocbibind 2010/10/13 v1.5k extra ToC listings
Package tocbibind Info: The document has section divisions on input line 50.

Package tocbibind Note: Using section or other style headings.

) (C:\Users\Bakri\AppData\Local\Programs\MiKTeX\tex/latex/url\url.sty
\Urlmuskip=\muskip18
Package: url 2013/09/16  ver 3.4  Verb mode for urls, etc.
)
(C:\Users\Bakri\AppData\Local\Programs\MiKTeX\tex/latex/hyperref\hyperref.sty
Package: hyperref 2026-01-29 v7.01p Hypertext links for LaTeX

(C:\Users\Bakri\AppData\Local\Programs\MiKTeX\tex/generic/iftex\iftex.sty
Package: iftex 2024/12/12 v1.0g TeX engine tests
)
(C:\Users\Bakri\AppData\Local\Programs\MiKTeX\tex/latex/kvsetkeys\kvsetkeys.sty
Package: kvsetkeys 2022-10-05 v1.19 Key value parser (HO)
)
(C:\Users\Bakri\AppData\Local\Programs\MiKTeX\tex/generic/kvdefinekeys\kvdefine
keys.sty
Package: kvdefinekeys 2019-12-19 v1.6 Define keys (HO)
)
(C:\Users\Bakri\AppData\Local\Programs\MiKTeX\tex/generic/pdfescape\pdfescape.s
ty
Package: pdfescape 2019/12/09 v1.15 Implements pdfTeX's escape features (HO)

(C:\Users\Bakri\AppData\Local\Programs\MiKTeX\tex/generic/ltxcmds\ltxcmds.sty
Package: ltxcmds 2023-12-04 v1.26 LaTeX kernel commands for general use (HO)
)
(C:\Users\Bakri\AppData\Local\Programs\MiKTeX\tex/generic/pdftexcmds\pdftexcmds
.sty
Package: pdftexcmds 2020-06-27 v0.33 Utility functions of pdfTeX for LuaTeX (HO
)

(C:\Users\Bakri\AppData\Local\Programs\MiKTeX\tex/generic/infwarerr\infwarerr.s
ty
Package: infwarerr 2019/12/03 v1.5 Providing info/warning/error messages (HO)
)
Package pdftexcmds Info: \pdf@primitive is available.
Package pdftexcmds Info: \pdf@ifprimitive is available.
Package pdftexcmds Info: \pdfdraftmode found.
))
(C:\Users\Bakri\AppData\Local\Programs\MiKTeX\tex/latex/hycolor\hycolor.sty
Package: hycolor 2020-01-27 v1.10 Color options for hyperref/bookmark (HO)
)
(C:\Users\Bakri\AppData\Local\Programs\MiKTeX\tex/latex/hyperref\nameref.sty
Package: nameref 2026-01-29 v2.58 Cross-referencing by name of section

(C:\Users\Bakri\AppData\Local\Programs\MiKTeX\tex/latex/refcount\refcount.sty
Package: refcount 2019/12/15 v3.6 Data extraction from label references (HO)
)
(C:\Users\Bakri\AppData\Local\Programs\MiKTeX\tex/generic/gettitlestring\gettit
lestring.sty
Package: gettitlestring 2019/12/15 v1.6 Cleanup title references (HO)

(C:\Users\Bakri\AppData\Local\Programs\MiKTeX\tex/latex/kvoptions\kvoptions.sty
Package: kvoptions 2022-06-15 v3.15 Key value format for package options (HO)
))
\c@section@level=\count300
)
(C:\Users\Bakri\AppData\Local\Programs\MiKTeX\tex/latex/etoolbox\etoolbox.sty
Package: etoolbox 2025/10/02 v2.5m e-TeX tools for LaTeX (JAW)
\etb@tempcnta=\count301
)
(C:\Users\Bakri\AppData\Local\Programs\MiKTeX\tex/generic/stringenc\stringenc.s
ty
Package: stringenc 2019/11/29 v1.12 Convert strings between diff. encodings (HO
)
)
\@linkdim=\dimen168
\Hy@linkcounter=\count302
\Hy@pagecounter=\count303
 (C:\Users\Bakri\AppData\Local\Programs\MiKTeX\tex/latex/hyperref\pd1enc.def
File: pd1enc.def 2026-01-29 v7.01p Hyperref: PDFDocEncoding definition (HO)
Now handling font encoding PD1 ...
... no UTF-8 mapping file for font encoding PD1
) (C:\Users\Bakri\AppData\Local\Programs\MiKTeX\tex/generic/intcalc\intcalc.sty
Package: intcalc 2019/12/15 v1.3 Expandable calculations with integers (HO)
)
\Hy@SavedSpaceFactor=\count304
 (C:\Users\Bakri\AppData\Local\Programs\MiKTeX\tex/latex/hyperref\puenc.def
File: puenc.def 2026-01-29 v7.01p Hyperref: PDF Unicode definition (HO)
Now handling font encoding PU ...
... no UTF-8 mapping file for font encoding PU
)
Package hyperref Info: Hyper figures OFF on input line 4201.
Package hyperref Info: Link nesting OFF on input line 4206.
Package hyperref Info: Hyper index ON on input line 4209.
Package hyperref Info: Plain pages OFF on input line 4216.
Package hyperref Info: Backreferencing OFF on input line 4221.
Package hyperref Info: Implicit mode ON; LaTeX internals redefined.
Package hyperref Info: Bookmarks ON on input line 4468.
\c@Hy@tempcnt=\count305
LaTeX Info: Redefining \url on input line 4807.
\XeTeXLinkMargin=\dimen169

(C:\Users\Bakri\AppData\Local\Programs\MiKTeX\tex/generic/bitset\bitset.sty
Package: bitset 2019/12/09 v1.3 Handle bit-vector datatype (HO)

(C:\Users\Bakri\AppData\Local\Programs\MiKTeX\tex/generic/bigintcalc\bigintcalc
.sty
Package: bigintcalc 2019/12/15 v1.5 Expandable calculations on big integers (HO
)
))
\Fld@menulength=\count306
\Field@Width=\dimen170
\Fld@charsize=\dimen171
Package hyperref Info: Hyper figures OFF on input line 6084.
Package hyperref Info: Link nesting OFF on input line 6089.
Package hyperref Info: Hyper index ON on input line 6092.
Package hyperref Info: backreferencing OFF on input line 6099.
Package hyperref Info: Link coloring OFF on input line 6104.
Package hyperref Info: Link coloring with OCG OFF on input line 6109.
Package hyperref Info: PDF/A mode OFF on input line 6114.
\Hy@abspage=\count307
\c@Item=\count308
\c@Hfootnote=\count309
)
Package hyperref Info: Driver (autodetected): hpdftex.

(C:\Users\Bakri\AppData\Local\Programs\MiKTeX\tex/latex/hyperref\hpdftex.def
File: hpdftex.def 2026-01-29 v7.01p Hyperref driver for pdfTeX
\Fld@listcount=\count310
\c@bookmark@seq@number=\count311

(C:\Users\Bakri\AppData\Local\Programs\MiKTeX\tex/latex/rerunfilecheck\rerunfil
echeck.sty
Package: rerunfilecheck 2025-06-21 v1.11 Rerun checks for auxiliary files (HO)

(C:\Users\Bakri\AppData\Local\Programs\MiKTeX\tex/generic/uniquecounter\uniquec
ounter.sty
Package: uniquecounter 2019/12/15 v1.4 Provide unlimited unique counter (HO)
)
Package uniquecounter Info: New unique counter `rerunfilecheck' on input line 2
84.
)
\Hy@SectionHShift=\skip71
)
(C:\Users\Bakri\AppData\Local\Programs\MiKTeX\tex/latex/hyphenat\hyphenat.sty
Package: hyphenat 2009/09/02 v2.3c hyphenation utilities
\langwohyphens=\language79
LaTeX Info: Redefining \_ on input line 43.
)
(C:\Users\Bakri\AppData\Local\Programs\MiKTeX\tex/latex/geometry\geometry.sty
Package: geometry 2020/01/02 v5.9 Page Geometry

(C:\Users\Bakri\AppData\Local\Programs\MiKTeX\tex/generic/iftex\ifvtex.sty
Package: ifvtex 2019/10/25 v1.7 ifvtex legacy package. Use iftex instead.
)
\Gm@cnth=\count312
\Gm@cntv=\count313
\c@Gm@tempcnt=\count314
\Gm@bindingoffset=\dimen172
\Gm@wd@mp=\dimen173
\Gm@odd@mp=\dimen174
\Gm@even@mp=\dimen175
\Gm@layoutwidth=\dimen176
\Gm@layoutheight=\dimen177
\Gm@layouthoffset=\dimen178
\Gm@layoutvoffset=\dimen179
\Gm@dimlist=\toks27

(C:\Users\Bakri\AppData\Local\Programs\MiKTeX\tex/latex/geometry\geometry.cfg))
(C:\Users\Bakri\AppData\Local\Programs\MiKTeX\tex/latex/comment\comment.sty
\CommentStream=\write3

Excluding comment 'comment')
(C:\Users\Bakri\AppData\Local\Programs\MiKTeX\tex/latex/l3backend\l3backend-pdf
tex.def
File: l3backend-pdftex.def 2025-10-09 L3 backend support: PDF output (pdfTeX)
\l__color_backend_stack_int=\count315
) (main.aux (title-page/title.aux) (main-sections/introduction.aux)
(main-sections/requirements-specification.aux)
(main-sections/design-and-architecture.aux

LaTeX Warning: Label `eq:placeholder_label' multiply defined.

) (main-sections/implementation.aux) (main-sections/results-and-evaluation.aux)
(main-sections/conclusion.aux) (appendix-sections/code-snippets.aux)
(appendix-sections/ui-screenshots.aux)
(appendix-sections/detailed-test-results.aux)
(appendix-sections/themes-and-references.aux) (appendix-sections/formulae.aux)
(appendix-sections/formulae-derivation.aux))
\openout1 = `main.aux'.

LaTeX Font Info:    Checking defaults for OML/cmm/m/it on input line 35.
LaTeX Font Info:    ... okay on input line 35.
LaTeX Font Info:    Checking defaults for OMS/cmsy/m/n on input line 35.
LaTeX Font Info:    ... okay on input line 35.
LaTeX Font Info:    Checking defaults for OT1/cmr/m/n on input line 35.
LaTeX Font Info:    ... okay on input line 35.
LaTeX Font Info:    Checking defaults for T1/cmr/m/n on input line 35.
LaTeX Font Info:    ... okay on input line 35.
LaTeX Font Info:    Checking defaults for TS1/cmr/m/n on input line 35.
LaTeX Font Info:    ... okay on input line 35.
LaTeX Font Info:    Checking defaults for OMX/cmex/m/n on input line 35.
LaTeX Font Info:    ... okay on input line 35.
LaTeX Font Info:    Checking defaults for U/cmr/m/n on input line 35.
LaTeX Font Info:    ... okay on input line 35.
LaTeX Font Info:    Checking defaults for PD1/pdf/m/n on input line 35.
LaTeX Font Info:    ... okay on input line 35.
LaTeX Font Info:    Checking defaults for PU/pdf/m/n on input line 35.
LaTeX Font Info:    ... okay on input line 35.

(C:\Users\Bakri\AppData\Local\Programs\MiKTeX\tex/context/base/mkii\supp-pdf.mk
ii
[Loading MPS to PDF converter (version 2006.09.02).]
\scratchcounter=\count316
\scratchdimen=\dimen180
\scratchbox=\box57
\nofMPsegments=\count317
\nofMParguments=\count318
\everyMPshowfont=\toks28
\MPscratchCnt=\count319
\MPscratchDim=\dimen181
\MPnumerator=\count320
\makeMPintoPDFobject=\count321
\everyMPtoPDFconversion=\toks29
)
(C:\Users\Bakri\AppData\Local\Programs\MiKTeX\tex/latex/epstopdf-pkg\epstopdf-b
ase.sty
Package: epstopdf-base 2020-01-24 v2.11 Base part for package epstopdf
Package epstopdf-base Info: Redefining graphics rule for `.eps' on input line 4
85.

(C:\Users\Bakri\AppData\Local\Programs\MiKTeX\tex/latex/00miktex\epstopdf-sys.c
fg
File: epstopdf-sys.cfg 2021/03/18 v2.0 Configuration of epstopdf for MiKTeX
))
Package caption Info: Begin \AtBeginDocument code.
Package caption Info: hyperref package is loaded.
Package caption Info: End \AtBeginDocument code.
Package hyperref Info: Link coloring OFF on input line 35.
 (main.out) (main.out)
\@outlinefile=\write4
\openout4 = `main.out'.


*geometry* driver: auto-detecting
*geometry* detected driver: pdftex
*geometry* verbose mode - [ preamble ] result:
* driver: pdftex
* paper: <default>
* layout: <same size as paper>
* layoutoffset:(h,v)=(0.0pt,0.0pt)
* modes: 
* h-part:(L,W,R)=(92.14519pt, 430.00462pt, 92.14519pt)
* v-part:(T,H,B)=(95.39737pt, 556.47656pt, 143.09605pt)
* \paperwidth=614.295pt
* \paperheight=794.96999pt
* \textwidth=430.00462pt
* \textheight=556.47656pt
* \oddsidemargin=19.8752pt
* \evensidemargin=19.8752pt
* \topmargin=-13.87262pt
* \headheight=12.0pt
* \headsep=25.0pt
* \topskip=10.0pt
* \footskip=30.0pt
* \marginparwidth=65.0pt
* \marginparsep=11.0pt
* \columnsep=10.0pt
* \skip\footins=9.0pt plus 4.0pt minus 2.0pt
* \hoffset=0.0pt
* \voffset=0.0pt
* \mag=1000
* \@twocolumnfalse
* \@twosidefalse
* \@mparswitchfalse
* \@reversemarginfalse
* (1in=72.27pt=25.4mm, 1cm=28.453pt)

\openout2 = `title-page/title.aux'.

(title-page/title.tex
<title-page/lboro-logo.png, id=491, 963.6pt x 542.025pt>
File: title-page/lboro-logo.png Graphic file (type png)
<use title-page/lboro-logo.png>
Package pdftex.def Info: title-page/lboro-logo.png  used on input line 3.
(pdftex.def)             Requested size: 322.50346pt x 181.40788pt.
LaTeX Font Info:    Trying to load font information for U+msa on input line 10.


(C:\Users\Bakri\AppData\Local\Programs\MiKTeX\tex/latex/amsfonts\umsa.fd
File: umsa.fd 2013/01/14 v3.01 AMS symbols A
)
LaTeX Font Info:    Trying to load font information for U+msb on input line 10.


(C:\Users\Bakri\AppData\Local\Programs\MiKTeX\tex/latex/amsfonts\umsb.fd
File: umsb.fd 2013/01/14 v3.01 AMS symbols B
)
[1


{C:/Users/Bakri/AppData/Local/MiKTeX/fonts/map/pdftex/pdftex.map} <./title-page
/lboro-logo.png>])
pdfTeX warning (ext4): destination with the same identifier (name{page.1}) has 
been already used, duplicate ignored
<to be read again> 
                   \relax 
l.46 \newpage
              [1


] (main.toc [2] [3] [4] [5])
\tf@toc=\write5
\openout5 = `main.toc'.

 [6]
\openout2 = `main-sections/introduction.aux'.


(main-sections/introduction.tex Excluding 'comment' comment. [7

]
Overfull \hbox (6.79234pt too wide) in paragraph at lines 56--57
[]\OT1/cmr/m/n/10 The sec-ondary aim is to ex-tend our sys-tem to smart de-vice
s. Whilst the core sys-tem is a desktop-based
 []


Overfull \hbox (3.558pt too wide) in paragraph at lines 66--67
[]\OT1/cmr/bx/n/10 Evaluate ap-proach \OT1/cmr/m/n/10 through func-tional and n
on-functional as-pects to de-ter-mine the fea-si-bil-ity
 []


Underfull \hbox (badness 4242) in paragraph at lines 82--82
[]\OT1/cmr/m/n/10 Latency in real-time data
 []


Underfull \hbox (badness 10000) in paragraph at lines 82--82
[]\OT1/cmr/m/n/10 Delays in up-dat-ing the
 []


Underfull \hbox (badness 3701) in paragraph at lines 82--82
\OT1/cmr/m/n/10 dash-board can re-duce the
 []


Underfull \hbox (badness 8056) in paragraph at lines 82--82
\OT1/cmr/m/n/10 use-ful-ness and im-pact of
 []


Underfull \hbox (badness 10000) in paragraph at lines 82--83
[]\OT1/cmr/m/n/10 Ensure there are lightweight
 []


Underfull \hbox (badness 10000) in paragraph at lines 84--84
[]\OT1/cmr/m/n/10 Unstable strug-gle and
 []


Underfull \hbox (badness 3009) in paragraph at lines 84--84
\OT1/cmr/m/n/10 dif-fi-culty es-ti-mates due to
 []


Underfull \hbox (badness 10000) in paragraph at lines 84--84
[]\OT1/cmr/m/n/10 Irregular in-ter-ac-tions may
 []


Underfull \hbox (badness 10000) in paragraph at lines 86--86
[]\OT1/cmr/m/n/10 Overly com-pli-cated
 []


Underfull \hbox (badness 10000) in paragraph at lines 86--86
[]\OT1/cmr/m/n/10 Overcomplicating the
 []


Underfull \hbox (badness 10000) in paragraph at lines 86--86
\OT1/cmr/m/n/10 dash-board may be more
 []


Underfull \hbox (badness 2134) in paragraph at lines 86--87
[]\OT1/cmr/m/n/10 Seek con-stant feed-back on the
 []


Underfull \hbox (badness 2158) in paragraph at lines 86--87
\OT1/cmr/m/n/10 UI so that we can im-ple-ment
 []


Underfull \hbox (badness 1082) in paragraph at lines 86--87
\OT1/cmr/m/n/10 it cor-rectly and fo-cus on main
 []


Underfull \hbox (badness 1558) in paragraph at lines 88--88
\OT1/cmr/m/n/10 in-te-grate the dash-board to
 []


Underfull \hbox (badness 10000) in paragraph at lines 90--90
[]\OT1/cmr/m/n/10 Limited tar-geted to-wards
 []


Underfull \hbox (badness 10000) in paragraph at lines 90--91
[]\OT1/cmr/m/n/10 Design mod-els over generic
 []


Overfull \hbox (14.50499pt too wide) in paragraph at lines 78--93
 [][] 
 []


LaTeX Warning: `h' float specifier changed to `ht'.


Overfull \hbox (13.76466pt too wide) in paragraph at lines 103--105
[]\OT1/cmr/m/n/10 The next stage fo-cused on sys-tem de-sign. This in-cluded de
fin-ing the sys-tem ar-chi-tec-ture, un-der-stand-ing
 []

[8]
Overfull \hbox (1.774pt too wide) in paragraph at lines 106--110
[]\OT1/cmr/m/n/10 Implementation then pro-gressed from core func-tion-al-ity to
 in-creas-ing the com-plex-ity of our an-a-lyt-ics.
 []


Overfull \hbox (11.62582pt too wide) in paragraph at lines 106--110
\OT1/cmr/m/n/10 his-tor-i-cal ses-sions and as-sis-tant co-or-di-na-tion. More 
ad-vanced an-a-lyt-i-cal com-po-nents were im-ple-mented
 []

) [9]
\openout2 = `main-sections/requirements-specification.aux'.

 (main-sections/requirements-specification.tex [10



]
Overfull \hbox (1.07933pt too wide) in paragraph at lines 39--40
\OT1/cmr/m/n/10 teach-ers are pre-sented with all the prac-ti-cal mea-sure data
 they have col-lected thus far, the class-rooms
 []

<figures/requirements-specification/Edsight-Dashboard-1.png, id=709, 250.43562p
t x 114.4275pt>
File: figures/requirements-specification/Edsight-Dashboard-1.png Graphic file (
type png)
<use figures/requirements-specification/Edsight-Dashboard-1.png>
Package pdftex.def Info: figures/requirements-specification/Edsight-Dashboard-1
.png  used on input line 43.
(pdftex.def)             Requested size: 430.00462pt x 196.49716pt.
<figures/requirements-specification/Edsight-Dashboard-2.png, id=710, 396.48125p
t x 108.405pt>
File: figures/requirements-specification/Edsight-Dashboard-2.png Graphic file (
type png)
<use figures/requirements-specification/Edsight-Dashboard-2.png>
Package pdftex.def Info: figures/requirements-specification/Edsight-Dashboard-2
.png  used on input line 53.
(pdftex.def)             Requested size: 430.00462pt x 117.57353pt.
[11 <./figures/requirements-specification/Edsight-Dashboard-1.png>]
Overfull \hbox (15.88507pt too wide) in paragraph at lines 64--65
[]\OT1/cmr/m/n/10 Real-time an-a-lyt-ics has emerged as a piv-otal tool across 
mul-ti-ple sec-tors, in-clud-ing re-tail, rev-o-lu-tion-is-ing
 []

<figures/requirements-specification/Attention-Dashboard.png, id=730, 343.2825pt
 x 279.0425pt>
File: figures/requirements-specification/Attention-Dashboard.png Graphic file (
type png)
<use figures/requirements-specification/Attention-Dashboard.png>
Package pdftex.def Info: figures/requirements-specification/Attention-Dashboard
.png  used on input line 68.
(pdftex.def)             Requested size: 430.00462pt x 349.5346pt.
[12 <./figures/requirements-specification/Edsight-Dashboard-2.png>]
Overfull \hbox (1.82835pt too wide) in paragraph at lines 76--80
\OT1/cmr/m/n/10 A key chal-lenge in sup-port-ing stu-dents dur-ing lab ses-sion
s is iden-ti-fy-ing which stu-dents are strug-gling
 []

[13 <./figures/requirements-specification/Attention-Dashboard.png>] [14]
Overfull \hbox (2.44061pt too wide) in paragraph at lines 121--122
\OT1/cmr/m/n/10 cor-rect-ness, time, at-tempts, and progression-related in-for-
ma-tion rather than from a sin-gle de-scrip-tive
 []


Overfull \hbox (8.19064pt too wide) in paragraph at lines 125--128
\OT1/cmr/m/n/10 rec-om-men-da-tion tech-nol-ogy sig-nif-i-cantly en-hances re-s
ource util-i-sa-tion and the over-all stu-dent learn-ing
 []

[15] Excluding 'comment' comment.
Overfull \hbox (0.38402pt too wide) in paragraph at lines 156--157
\OT1/cmr/m/n/10 A learn-ing man-age-ment sys-tem is a soft-ware ap-pli-ca-tion 
used for the ad-min-is-tra-tion, doc-u-men-ta-tion,
 []

[16]
<figures/requirements-specification/Piwik-Analytics.png, id=799, 374.90062pt x 
232.36812pt>
File: figures/requirements-specification/Piwik-Analytics.png Graphic file (type
 png)
<use figures/requirements-specification/Piwik-Analytics.png>
Package pdftex.def Info: figures/requirements-specification/Piwik-Analytics.png
  used on input line 168.
(pdftex.def)             Requested size: 430.00462pt x 266.53693pt.
<figures/requirements-specification/MM-Dashboard.png, id=801, 482.30188pt x 131
.49126pt>
File: figures/requirements-specification/MM-Dashboard.png Graphic file (type pn
g)
<use figures/requirements-specification/MM-Dashboard.png>
Package pdftex.def Info: figures/requirements-specification/MM-Dashboard.png  u
sed on input line 176.
(pdftex.def)             Requested size: 430.00462pt x 117.2375pt.
 [17 <./figures/requirements-specification/Piwik-Analytics.png>] [18 <./figures
/requirements-specification/MM-Dashboard.png>] [19] [20]
Overfull \hbox (3.89822pt too wide) in paragraph at lines 277--278
 []\OT1/cmr/bx/n/10 NFR4: Scal-a-bil-ity[] \OT1/cmr/m/n/10 The sys-tem should b
e ca-pa-ble of op-er-at-ing ef-fi-ciently in var-i-ous labs re-gard-less
 []


Overfull \hbox (13.80179pt too wide) in paragraph at lines 283--284
\OT1/cmr/m/n/10 ad-di-tional data sources or met-rics with-out re-quir-ing a fu
n-da-men-tal re-design, en-abling fu-ture ex-ten-sions. 
 []


Overfull \hbox (47.99341pt too wide) in paragraph at lines 293--314
 [][] 
 []

) [21]
\openout2 = `main-sections/design-and-architecture.aux'.

 (main-sections/design-and-architecture.tex
Overfull \hbox (0.66277pt too wide) in paragraph at lines 6--7
\OT1/cmr/m/n/10 pro-cess-ing, as well as decision-making and ac-tion, into thre
e dis-tinct lay-ers, en-sur-ing each com-po-nent
 []

<figures/design-and-architecture/architecture-diagram.png, id=865, 797.98125pt 
x 493.845pt>
File: figures/design-and-architecture/architecture-diagram.png Graphic file (ty
pe png)
<use figures/design-and-architecture/architecture-diagram.png>
Package pdftex.def Info: figures/design-and-architecture/architecture-diagram.p
ng  used on input line 10.
(pdftex.def)             Requested size: 430.00462pt x 266.1147pt.
[22



 <./figures/design-and-architecture/architecture-diagram.png>]
<figures/design-and-architecture/data-entry.png, id=875, 1053.9375pt x 691.5837
6pt>
File: figures/design-and-architecture/data-entry.png Graphic file (type png)
<use figures/design-and-architecture/data-entry.png>
Package pdftex.def Info: figures/design-and-architecture/data-entry.png  used o
n input line 35.
(pdftex.def)             Requested size: 430.00462pt x 282.16876pt.
 [23] [24 <./figures/design-and-architecture/data-entry.png (PNG copy)>] [25]
Overfull \hbox (6.48483pt too wide) in paragraph at lines 138--139
 []\OT1/cmr/bx/n/10 Interpretation of model[] \OT1/cmr/m/n/10 Higher val-ues of
 $\OML/cmm/m/it/10 S[]\OT1/cmr/m/n/10 (\OML/cmm/m/it/10 s; ^^[\OT1/cmr/m/n/10 )
$ in-di-cate that stu-dent $\OML/cmm/m/it/10 s$ \OT1/cmr/m/n/10 is ex-pe-ri-enc
-ing sus-tained
 []

[26] [27]
Overfull \hbox (4.64929pt too wide) in paragraph at lines 229--230
 []\OT1/cmr/bx/n/10 Student Sim-i-lar-ity Mea-sure[] \OT1/cmr/m/n/10 To quan-ti
fy how sim-i-lar two stu-dents are, we ap-ply co-sine sim-i-lar-ity
 []

[28]
Underfull \hbox (badness 10000) in paragraph at lines 295--295
[]\OT1/cmr/m/n/10 Computational
 []

[29] [30]
<figures/design-and-architecture/figma1.png, id=972, 1112.65688pt x 587.19376pt
>
File: figures/design-and-architecture/figma1.png Graphic file (type png)
<use figures/design-and-architecture/figma1.png>
Package pdftex.def Info: figures/design-and-architecture/figma1.png  used on in
put line 339.
(pdftex.def)             Requested size: 430.00462pt x 226.93492pt.
<figures/design-and-architecture/figma2.png, id=974, 1117.67563pt x 602.25pt>
File: figures/design-and-architecture/figma2.png Graphic file (type png)
<use figures/design-and-architecture/figma2.png>
Package pdftex.def Info: figures/design-and-architecture/figma2.png  used on in
put line 347.
(pdftex.def)             Requested size: 430.00462pt x 231.70615pt.
 [31 <./figures/design-and-architecture/figma1.png>]
<figures/design-and-architecture/figma3.png, id=982, 735.24687pt x 275.52937pt>

File: figures/design-and-architecture/figma3.png Graphic file (type png)
<use figures/design-and-architecture/figma3.png>
Package pdftex.def Info: figures/design-and-architecture/figma3.png  used on in
put line 356.
(pdftex.def)             Requested size: 430.00462pt x 161.14409pt.

Overfull \hbox (61.9934pt too wide) in paragraph at lines 371--380
 [][] 
 []

[32 <./figures/design-and-architecture/figma2.png> <./figures/design-and-archit
ecture/figma3.png>]
Overfull \hbox (61.9934pt too wide) in paragraph at lines 386--395
 [][] 
 []

) [33]
\openout2 = `main-sections/implementation.aux'.

 (main-sections/implementation.tex
Overfull \hbox (0.20906pt too wide) in paragraph at lines 7--10
[]\OT1/cmr/m/n/10 The im-ple-men-ta-tion is interval-based rather than event-ba
sed. How-ever, it pro-vides a full end-to-end
 []


Underfull \hbox (badness 10000) in paragraph at lines 30--30
[]\OT1/cmr/m/n/10 PHP-based HTTP
 []


Underfull \hbox (badness 5147) in paragraph at lines 30--31
[]\OT1/cmr/m/n/10 Existing lab in-fras-truc-ture ex-poses
 []


Underfull \hbox (badness 3792) in paragraph at lines 32--33
[]\OT1/cmr/m/n/10 JSON al-lows lightweight trans-port,
 []


Underfull \hbox (badness 10000) in paragraph at lines 32--33
\OT1/cmr/m/n/10 whilst XML stores struc-tured
 []


Underfull \hbox (badness 1292) in paragraph at lines 36--37
[]\OT1/cmr/m/n/10 Version 1 has sim-ple in-di-ca-tors for
 []


Underfull \hbox (badness 10000) in paragraph at lines 40--41
[]\OT1/cmr/m/n/10 Provides in-ter-ac-tive vi-su-al-i-sa-tions
 []


Underfull \hbox (badness 10000) in paragraph at lines 42--42
[]\OT1/cmr/m/n/10 Deployment
 []

[34



]

LaTeX Warning: Reference `tab: selection table' on page 35 undefined on input l
ine 49.

[35]
Overfull \hbox (1.13431pt too wide) in paragraph at lines 61--62
[]\OT1/cmr/bx/n/10 Data Struc-tur-ing: \OT1/cmr/m/n/10 Parsed records are trans
-formed into an im-me-di-ate rep-re-sen-ta-tion suit-able
 []


Overfull \hbox (0.3509pt too wide) in paragraph at lines 63--64
[]\OT1/cmr/bx/n/10 Dashboard Up-date: \OT1/cmr/m/n/10 The dash-board is re-fres
hed us-ing the newly com-puted val-ues, pro-vid-ing
 []

Excluding 'comment' comment.) [36] [37]
Overfull \vbox (305.56647pt too high) has occurred while \output is active []


[38]
\openout2 = `main-sections/results-and-evaluation.aux'.

 (main-sections/results-and-evaluation.tex) [39



]
\openout2 = `main-sections/conclusion.aux'.


(main-sections/conclusion.tex) [40



]
\openout2 = `appendix-sections/code-snippets.aux'.

 (appendix-sections/code-snippets.tex)
[41



]
\openout2 = `appendix-sections/ui-screenshots.aux'.

 (appendix-sections/ui-screenshots.tex) [42



]
\openout2 = `appendix-sections/detailed-test-results.aux'.


(appendix-sections/detailed-test-results.tex) [43



]
\openout2 = `appendix-sections/themes-and-references.aux'.


(appendix-sections/themes-and-references.tex
Underfull \hbox (badness 10000) in paragraph at lines 13--13
[]\OT1/cmr/m/n/10 Dashboards for Learn-ing
 []


Underfull \hbox (badness 7308) in paragraph at lines 15--15
[]\OT1/cmr/m/n/10 Real-Time Data An-a-lyt-ics
 []


Underfull \hbox (badness 10000) in paragraph at lines 24--24
[]\OT1/cmr/m/n/10 Learning Man-age-ment
 []

) [44



]
\openout2 = `appendix-sections/formulae.aux'.

 (appendix-sections/formulae.tex) [45



]
\openout2 = `appendix-sections/formulae-derivation.aux'.


(appendix-sections/formulae-derivation.tex) [46



] (main.bbl
Underfull \hbox (badness 1540) in paragraph at lines 17--22
\OT1/cmr/m/n/10 B. De-paire, and M. Thomas, ``Af-for-dances and lim-i-ta-tions 
of learn-ing an-a-lyt-ics for
 []

[47


]
Underfull \hbox (badness 1024) in paragraph at lines 121--124
[]\OT1/cmr/m/n/10 S. Lee-Cultura, K. Sharma, and M. N. Gi-an-nakos, ``Mul-ti-Mo
dal teacher dash-boards:
 []

[48]) [49] (main.aux (title-page/title.aux) (main-sections/introduction.aux)
(main-sections/requirements-specification.aux)
(main-sections/design-and-architecture.aux) (main-sections/implementation.aux)
(main-sections/results-and-evaluation.aux) (main-sections/conclusion.aux)
(appendix-sections/code-snippets.aux) (appendix-sections/ui-screenshots.aux)
(appendix-sections/detailed-test-results.aux)
(appendix-sections/themes-and-references.aux) (appendix-sections/formulae.aux)
(appendix-sections/formulae-derivation.aux))
 ***********
LaTeX2e <2025-11-01>
L3 programming layer <2026-01-19>
 ***********


LaTeX Warning: There were undefined references.


LaTeX Warning: There were multiply-defined labels.

Package rerunfilecheck Info: File `main.out' has not changed.
(rerunfilecheck)             Checksum: 103C18CD093793BBEF48A21EBCBCAAA4;22981.
 ) 
Here is how much of TeX's memory you used:
 13250 strings out of 467867
 228098 string characters out of 5418334
 623041 words of memory out of 5000000
 41598 multiletter control sequences out of 15000+600000
 633451 words of font info for 61 fonts, out of 8000000 for 9000
 1141 hyphenation exceptions out of 8191
 75i,12n,79p,1188b,592s stack positions out of 10000i,1000n,20000p,200000b,200000s
 <C:\Users\Bakri\AppData\Local\MiKTeX\fonts/pk/ljfour/jknappen/ec/dpi600\tcrm
1000.pk><C:/Users/Bakri/AppData/Local/Programs/MiKTeX/fonts/type1/public/amsfon
ts/cm/cmbx10.pfb><C:/Users/Bakri/AppData/Local/Programs/MiKTeX/fonts/type1/publ
ic/amsfonts/cm/cmbx12.pfb><C:/Users/Bakri/AppData/Local/Programs/MiKTeX/fonts/t
ype1/public/amsfonts/cm/cmbx9.pfb><C:/Users/Bakri/AppData/Local/Programs/MiKTeX
/fonts/type1/public/amsfonts/cm/cmex10.pfb><C:/Users/Bakri/AppData/Local/Progra
ms/MiKTeX/fonts/type1/public/amsfonts/cm/cmmi10.pfb><C:/Users/Bakri/AppData/Loc
al/Programs/MiKTeX/fonts/type1/public/amsfonts/cm/cmmi5.pfb><C:/Users/Bakri/App
Data/Local/Programs/MiKTeX/fonts/type1/public/amsfonts/cm/cmmi7.pfb><C:/Users/B
akri/AppData/Local/Programs/MiKTeX/fonts/type1/public/amsfonts/cm/cmr10.pfb><C:
/Users/Bakri/AppData/Local/Programs/MiKTeX/fonts/type1/public/amsfonts/cm/cmr7.
pfb><C:/Users/Bakri/AppData/Local/Programs/MiKTeX/fonts/type1/public/amsfonts/c
m/cmsy10.pfb><C:/Users/Bakri/AppData/Local/Programs/MiKTeX/fonts/type1/public/a
msfonts/cm/cmsy5.pfb><C:/Users/Bakri/AppData/Local/Programs/MiKTeX/fonts/type1/
public/amsfonts/cm/cmsy7.pfb><C:/Users/Bakri/AppData/Local/Programs/MiKTeX/font
s/type1/public/amsfonts/cm/cmti10.pfb><C:/Users/Bakri/AppData/Local/Programs/Mi
KTeX/fonts/type1/public/amsfonts/symbols/msam10.pfb>
Output written on main.pdf (50 pages, 1666366 bytes).
PDF statistics:
 1221 PDF objects out of 1440 (max. 8388607)
 292 named destinations out of 1000 (max. 500000)
 1032 words of extra memory for PDF output out of 10000 (max. 10000000)

